Code Begins

All print outputs will be saved in '/Users/adityapatil/GitHub/Machine-Learning/loan-approval/logs/main.log'.
   id  person_age  ...  cb_person_cred_hist_length loan_status
0   0          37  ...                          14           0
1   1          22  ...                           2           0
2   2          29  ...                          10           0
3   3          30  ...                           5           0
4   4          22  ...                           3           0

[5 rows x 13 columns]
      id  person_age  ...  cb_person_default_on_file cb_person_cred_hist_length
0  58645          23  ...                          N                          2
1  58646          26  ...                          Y                          4
2  58647          26  ...                          Y                          2
3  58648          33  ...                          N                          7
4  58649          26  ...                          Y                          4

[5 rows x 12 columns]
int64      5
object     4
float64    3
Name: count, dtype: int64


Missing Values in training data:

Series([], dtype: int64)


Missing Values in eval data:

Series([], dtype: int64)


df_train shape: (58645, 12) 

df_eval shape: (39098, 11) 

int64      8
float64    4
Name: count, dtype: int64 

['person_age', 'person_income', 'person_home_ownership', 'person_emp_length', 'loan_intent', 'loan_grade', 'loan_amnt', 'loan_int_rate', 'loan_percent_income', 'cb_person_default_on_file', 'cb_person_cred_hist_length', 'loan_status'] 

loan_status
0.0    50295
1.0     8350
Name: count, dtype: int64


Correlation with target:
 loan_status                   1.000000
loan_percent_income           0.378280
loan_int_rate                 0.338948
loan_amnt                     0.144982
person_age                   -0.001130
cb_person_cred_hist_length   -0.003030
person_emp_length            -0.100428
person_income                -0.169956
Name: loan_status, dtype: float64
Correlation matrix:
                             person_age  ...  loan_status
person_age                    1.000000  ...    -0.001130
person_income                 0.102176  ...    -0.169956
person_emp_length             0.121276  ...    -0.100428
loan_amnt                     0.050378  ...     0.144982
loan_int_rate                 0.009653  ...     0.338948
loan_percent_income          -0.031975  ...     0.378280
cb_person_cred_hist_length    0.874260  ...    -0.003030
loan_status                  -0.001130  ...     1.000000

[8 rows x 8 columns]


X_train shape: (46916, 11)
y_train shape: (46916,)
X_test shape: (11729, 11)
y_test shape: (11729,)
X_eval shape: (39098, 11) 

Tuning XGBoost...
XGBoost: Best Score = 0.9530
Tuning LightGBM...
LightGBM: Best Score = 0.9536
Tuning CatBoost...
CatBoost: Best Score = 0.9534
Tuning RandomForest...
RandomForest: Best Score = 0.9500
Tuning LogisticRegression...
LogisticRegression: Best Score = 0.8936
Tuning GradientBoosting...
GradientBoosting: Best Score = 0.9516
Tuning DecisionTree...
DecisionTree: Best Score = 0.9444
Best Model: LGBMClassifier(colsample_bytree=0.6, force_col_wise=True, learning_rate=0.05,
               n_estimators=500, reg_alpha=1, reg_lambda=0.1, verbose=0)
Classification Report:
               precision    recall  f1-score   support

         0.0       0.96      0.99      0.97     10087
         1.0       0.91      0.74      0.82      1642

    accuracy                           0.95     11729
   macro avg       0.93      0.87      0.90     11729
weighted avg       0.95      0.95      0.95     11729

